0 info it worked if it ends with ok
1 verbose cli [ 'C:\\Program Files\\nodejs\\node.exe',
1 verbose cli   'C:\\Program Files\\nodejs\\node_modules\\npm\\bin\\npm-cli.js',
1 verbose cli   'install',
1 verbose cli   'material-datepicker' ]
2 info using npm@3.10.10
3 info using node@v6.10.0
4 silly loadCurrentTree Starting
5 silly install loadCurrentTree
6 silly install readLocalPackageData
7 silly fetchPackageMetaData material-datepicker
8 silly fetchNamedPackageData material-datepicker
9 silly mapToRegistry name material-datepicker
10 silly mapToRegistry using default registry
11 silly mapToRegistry registry https://registry.npmjs.org/
12 silly mapToRegistry data Result {
12 silly mapToRegistry   raw: 'material-datepicker',
12 silly mapToRegistry   scope: null,
12 silly mapToRegistry   escapedName: 'material-datepicker',
12 silly mapToRegistry   name: 'material-datepicker',
12 silly mapToRegistry   rawSpec: '',
12 silly mapToRegistry   spec: 'latest',
12 silly mapToRegistry   type: 'tag' }
13 silly mapToRegistry uri https://registry.npmjs.org/material-datepicker
14 verbose request uri https://registry.npmjs.org/material-datepicker
15 verbose request no auth needed
16 info attempt registry request try #1 at 00:17:45
17 verbose request id f008eafb806f2ea3
18 http request GET https://registry.npmjs.org/material-datepicker
19 info retry will retry, error on last attempt: Error: tunneling socket could not be established, cause=self signed certificate
20 info attempt registry request try #2 at 00:17:56
21 http request GET https://registry.npmjs.org/material-datepicker
22 info retry will retry, error on last attempt: Error: tunneling socket could not be established, cause=self signed certificate
23 info attempt registry request try #3 at 00:18:56
24 http request GET https://registry.npmjs.org/material-datepicker
25 silly fetchPackageMetaData Error: tunneling socket could not be established, cause=self signed certificate
25 silly fetchPackageMetaData     at ClientRequest.onError (C:\Program Files\nodejs\node_modules\npm\node_modules\request\node_modules\tunnel-agent\index.js:176:17)
25 silly fetchPackageMetaData     at ClientRequest.g (events.js:291:16)
25 silly fetchPackageMetaData     at emitOne (events.js:96:13)
25 silly fetchPackageMetaData     at ClientRequest.emit (events.js:188:7)
25 silly fetchPackageMetaData     at TLSSocket.socketErrorListener (_http_client.js:310:9)
25 silly fetchPackageMetaData     at emitOne (events.js:96:13)
25 silly fetchPackageMetaData     at TLSSocket.emit (events.js:188:7)
25 silly fetchPackageMetaData     at emitErrorNT (net.js:1278:8)
25 silly fetchPackageMetaData     at _combinedTickCallback (internal/process/next_tick.js:74:11)
25 silly fetchPackageMetaData     at process._tickCallback (internal/process/next_tick.js:98:9)
25 silly fetchPackageMetaData  error for material-datepicker { Error: tunneling socket could not be established, cause=self signed certificate
25 silly fetchPackageMetaData     at ClientRequest.onError (C:\Program Files\nodejs\node_modules\npm\node_modules\request\node_modules\tunnel-agent\index.js:176:17)
25 silly fetchPackageMetaData     at ClientRequest.g (events.js:291:16)
25 silly fetchPackageMetaData     at emitOne (events.js:96:13)
25 silly fetchPackageMetaData     at ClientRequest.emit (events.js:188:7)
25 silly fetchPackageMetaData     at TLSSocket.socketErrorListener (_http_client.js:310:9)
25 silly fetchPackageMetaData     at emitOne (events.js:96:13)
25 silly fetchPackageMetaData     at TLSSocket.emit (events.js:188:7)
25 silly fetchPackageMetaData     at emitErrorNT (net.js:1278:8)
25 silly fetchPackageMetaData     at _combinedTickCallback (internal/process/next_tick.js:74:11)
25 silly fetchPackageMetaData     at process._tickCallback (internal/process/next_tick.js:98:9) code: 'ECONNRESET' }
26 silly rollbackFailedOptional Starting
27 silly rollbackFailedOptional Finishing
28 silly runTopLevelLifecycles Finishing
29 silly install printInstalled
30 verbose stack Error: tunneling socket could not be established, cause=self signed certificate
30 verbose stack     at ClientRequest.onError (C:\Program Files\nodejs\node_modules\npm\node_modules\request\node_modules\tunnel-agent\index.js:176:17)
30 verbose stack     at ClientRequest.g (events.js:291:16)
30 verbose stack     at emitOne (events.js:96:13)
30 verbose stack     at ClientRequest.emit (events.js:188:7)
30 verbose stack     at TLSSocket.socketErrorListener (_http_client.js:310:9)
30 verbose stack     at emitOne (events.js:96:13)
30 verbose stack     at TLSSocket.emit (events.js:188:7)
30 verbose stack     at emitErrorNT (net.js:1278:8)
30 verbose stack     at _combinedTickCallback (internal/process/next_tick.js:74:11)
30 verbose stack     at process._tickCallback (internal/process/next_tick.js:98:9)
31 verbose cwd D:\ProjectPSUAct\Project-PSU-ACT\blog
32 error Windows_NT 10.0.14393
33 error argv "C:\\Program Files\\nodejs\\node.exe" "C:\\Program Files\\nodejs\\node_modules\\npm\\bin\\npm-cli.js" "install" "material-datepicker"
34 error node v6.10.0
35 error npm  v3.10.10
36 error code ECONNRESET
37 error network tunneling socket could not be established, cause=self signed certificate
38 error network This is most likely not a problem with npm itself
38 error network and is related to network connectivity.
38 error network In most cases you are behind a proxy or have bad network settings.
38 error network
38 error network If you are behind a proxy, please make sure that the
38 error network 'proxy' config is set properly.  See: 'npm help config'
39 verbose exit [ 1, true ]
